Building Project: ADBMDTS
Output Folder: O:\Downloads\ADBMDTS\Release\Single\
Deployment Type: Compressed Single Self Installing EXE
Code Signing: Disabled
Compression: Best
Compiler Variables: UAC=asInvoker,BUILDMODE=SFX,LANGUAGE=English,TITLE=ADBMDTS,TARGETDIR=$TARGETDIR$,IADIR=C:\PROGRA~2\INSTAL~2\INSTAL~1,PROJDIR=C:\Users\Chris\DOCUME~1\VISUAL~1\Projects\ADBMDTS\INSTAL~1,IAVER=17.00
###
Cleared output folder O:\Downloads\ADBMDTS\Release\Single\
Built plug-in action Windows Installer
Built plug-in action (Un)Install MSI Setup
Built plug-in action Windows Installer
Built plug-in action File Bag
Built plug-in action (Un)Install MSI Setup
Built plug-in action File Bag
Built plug-in action (Un)Install MSI Setup
Copied file C:\Users\Chris\Documents\Visual Studio 2012\Projects\ADBMDTS\bin\Release\ADBMDTS.exe
Copied assembly C:\Users\Chris\Documents\Visual Studio 2012\Projects\ADBMDTS\WinSCP\WinSCP.dll
Created Windows Installer database
Built installation executable
Injected setup languages
Storing support files: componentstree.dfm (0%)
Storing support files: mFileBagEXE.dll (41%)
Injected runtime files
Compressing install: mWinRunExec.dll (95%)
Compressing install: ADBMDTS.msi (0%)
Compressing install: Microsoft Windows Installer 3.1\mWinRun.dll\ansi\instmsi.msi (0%)
Compressing install: Microsoft .NET Framework Client 4\mFileBagIDE.dll\E5F0B718\netfx_core_x86.msi (0%)
Compressing install: Microsoft .NET Framework 4\mFileBagIDE.dll\AF0DD189\netfx_extended_x86.msi (0%)
Compressing install: Microsoft .NET Framework 4\mFileBagIDE.dll\AF0DD189\Windows\Microsoft.NET\Framework\v4.0.30319\dv_aspnetmmc.chm (0%)
Compressing install: Microsoft .NET Framework Client 4\mFileBagIDE.dll\E5F0B718\DisplayIcon.ico (0%)
Compressing install: Microsoft .NET Framework 4\mFileBagIDE.dll\AF0DD189\Windows\Microsoft.NET\Framework\v4.0.30319\SQL\en\Tracking_Schema.sql (1%)
Compressing install: Microsoft .NET Framework 4\mFileBagIDE.dll\AF0DD189\3076\LocalizedData.xml (1%)
Compressing install: Microsoft .NET Framework Client 4\mFileBagIDE.dll\E5F0B718\1037\LocalizedData.xml (1%)
Compressing install: Microsoft .NET Framework 4\mFileBagIDE.dll\AF0DD189\1053\LocalizedData.xml (1%)
Compressing install: Microsoft .NET Framework 4\mFileBagIDE.dll\AF0DD189\1043\LocalizedData.xml (1%)
Compressing install: Microsoft .NET Framework Client 4\mFileBagIDE.dll\E5F0B718\2070\LocalizedData.xml (1%)
Compressing install: Microsoft .NET Framework Client 4\mFileBagIDE.dll\E5F0B718\1049\LocalizedData.xml (1%)
Compressing install: Microsoft .NET Framework 4\mFileBagIDE.dll\AF0DD189\1032\LocalizedData.xml (1%)
Compressing install: Microsoft .NET Framework 4\mFileBagIDE.dll\AF0DD189\Extended\ParameterInfo.xml (2%)
Compressing install: Microsoft .NET Framework 4\mFileBagIDE.dll\AF0DD189\Windows\Microsoft.NET\Framework\v4.0.30319\ASP.NETWebAdminFiles\Security\Roles\manageAllRoles.aspx (2%)
Compressing install: Microsoft .NET Framework 4\mFileBagIDE.dll\AF0DD189\Windows\Microsoft.NET\Framework\v4.0.30319\aspnet_perf.ini (2%)
Compressing install: Microsoft .NET Framework 4\mFileBagIDE.dll\AF0DD189\Windows\Microsoft.NET\Framework\v4.0.30319\aspnet_state_perf.ini (2%)
Compressing install: Microsoft .NET Framework Client 4\mFileBagIDE.dll\E5F0B718\Windows\Microsoft.NET\Framework\v4.0.30319\corperfmonsymbols.ini (2%)
Compressing install: Microsoft .NET Framework 4\mFileBagIDE.dll\AF0DD189\Windows\Microsoft.NET\Framework\v4.0.30319\netmemorycache.ini (3%)
Compressing install: Microsoft .NET Framework Client 4\mFileBagIDE.dll\E5F0B718\Windows\Microsoft.NET\Framework\v4.0.30319\_Networkingperfcounters_v2.ini (3%)
Compressing install: Microsoft .NET Framework Client 4\mFileBagIDE.dll\E5F0B718\Windows\Microsoft.NET\Framework\v4.0.30319\_ServiceModelOperationPerfCounters.ini (3%)
Compressing install: Microsoft .NET Framework Client 4\mFileBagIDE.dll\E5F0B718\Windows\Microsoft.NET\Framework\v4.0.30319\_ServiceModelServicePerfCounters.ini (3%)
Compressing install: Microsoft .NET Framework Client 4\mFileBagIDE.dll\E5F0B718\Windows\Microsoft.NET\Framework\v4.0.30319\_SMSvcHostPerfCounters.ini (3%)
Compressing install: Microsoft .NET Framework 4\mFileBagIDE.dll\AF0DD189\1041\eula.rtf (3%)
Compressing install: ADBMDTS.exe (3%)
Compressing install: Microsoft .NET Framework Client 4\mFileBagIDE.dll\E5F0B718\Windows\Microsoft.NET\Framework\v4.0.30319\csc.exe (5%)
Compressing install: Microsoft .NET Framework 4\mFileBagIDE.dll\AF0DD189\Windows\Microsoft.NET\Framework\v4.0.30319\ilasm.exe (5%)
Compressing install: Microsoft .NET Framework Client 4\mFileBagIDE.dll\E5F0B718\Windows\Microsoft.NET\Framework\v4.0.30319\mscorsvw.exe (5%)
Compressing install: Microsoft .NET Framework Client 4\mFileBagIDE.dll\E5F0B718\Windows\Microsoft.NET\Framework\v4.0.30319\ngen.exe (5%)
Compressing install: Microsoft .NET Framework Client 4\mFileBagIDE.dll\E5F0B718\Windows\Microsoft.NET\Framework\v4.0.30319\ServiceModelReg.exe (6%)
Compressing install: Microsoft .NET Framework Client 4\mFileBagIDE.dll\E5F0B718\WIC\spuninst.exe (6%)
Compressing install: Microsoft .NET Framework Client 4\mFileBagIDE.dll\E5F0B718\WIC\spupdsvc.exe (6%)
Compressing install: Microsoft Windows Installer 3.1\mWinRun.dll\unicode\update.exe (6%)
Compressing install: Microsoft .NET Framework Client 4\mFileBagIDE.dll\E5F0B718\WIC\update\update.exe (6%)
Compressing install: Microsoft .NET Framework Client 4\mFileBagIDE.dll\E5F0B718\Windows\Microsoft.NET\Framework\v4.0.30319\vbc.exe (6%)
Compressing install: Microsoft .NET Framework Client 4\mFileBagIDE.dll\E5F0B718\Windows\Microsoft.NET\Framework\v4.0.30319\WPF\WPFFontCache_v0400.exe (7%)
Compressing install: Microsoft .NET Framework Client 4\mFileBagIDE.dll\E5F0B718\Windows\Microsoft.NET\Framework\v4.0.30319\alink.dll (7%)
Compressing install: Microsoft .NET Framework 4\mFileBagIDE.dll\AF0DD189\Windows\Microsoft.NET\Framework\v4.0.30319\AspNetMMCExt.dll (7%)
Compressing install: Microsoft .NET Framework 4\mFileBagIDE.dll\AF0DD189\Windows\Microsoft.NET\Framework\v4.0.30319\aspnet_filter.dll (7%)
Compressing install: Microsoft .NET Framework Client 4\mFileBagIDE.dll\E5F0B718\Windows\Microsoft.NET\Framework\v4.0.30319\clr.dll (7%)
Compressing install: Microsoft .NET Framework Client 4\mFileBagIDE.dll\E5F0B718\Windows\Microsoft.NET\Framework\v4.0.30319\clrjit.dll (9%)
Compressing install: Microsoft .NET Framework Client 4\mFileBagIDE.dll\E5F0B718\Windows\Microsoft.NET\Framework\v4.0.30319\CORPerfMonExt.dll (9%)
Compressing install: Microsoft .NET Framework Client 4\mFileBagIDE.dll\E5F0B718\Windows\Microsoft.NET\Framework\v4.0.30319\Culture.dll (9%)
Compressing install: Microsoft .NET Framework Client 4\mFileBagIDE.dll\E5F0B718\Windows\System\dfshim.dll (9%)
Compressing install: Microsoft .NET Framework Client 4\mFileBagIDE.dll\E5F0B718\Windows\Microsoft.NET\Framework\v4.0.30319\diasymreader.dll (9%)
Compressing install: Microsoft .NET Framework Client 4\mFileBagIDE.dll\E5F0B718\Windows\System\dxva2.dll (9%)
Compressing install: Microsoft .NET Framework Client 4\mFileBagIDE.dll\E5F0B718\Windows\Microsoft.NET\Framework\v4.0.30319\EventLogMessages.dll (9%)
Compressing install: Microsoft .NET Framework Client 4\mFileBagIDE.dll\E5F0B718\Windows\System\evr.dll (9%)
Compressing install: Microsoft .NET Framework 4\mFileBagIDE.dll\AF0DD189\Windows\Microsoft.NET\Framework\v4.0.30319\1033\FileTrackerUI.dll (9%)
Compressing install: Microsoft .NET Framework 4\mFileBagIDE.dll\mFileBagEXE.dll (10%)
Compressing install: Microsoft .NET Framework Client 4\mFileBagIDE.dll\mFileBagEXE.dll (10%)
Compressing install: Microsoft .NET Framework 4\mFileBagIDE.dll\AF0DD189\Windows\Microsoft.NET\Framework\v4.0.30319\Microsoft.Build.Conversion.v4.0.dll (10%)
Compressing install: Microsoft .NET Framework 4\mFileBagIDE.dll\AF0DD189\Windows\Microsoft.NET\Framework\v4.0.30319\Microsoft.Build.dll (10%)
Compressing install: Microsoft .NET Framework 4\mFileBagIDE.dll\AF0DD189\Windows\Microsoft.NET\Framework\v4.0.30319\Microsoft.Build.Engine.dll (11%)
Compressing install: Microsoft .NET Framework 4\mFileBagIDE.dll\AF0DD189\Windows\Microsoft.NET\Framework\v4.0.30319\Microsoft.Build.Tasks.v4.0.dll (11%)
Compressing install: Microsoft .NET Framework 4\mFileBagIDE.dll\AF0DD189\Windows\Microsoft.NET\Framework\v4.0.30319\Microsoft.Build.Utilities.v4.0.dll (11%)
Compressing install: Microsoft .NET Framework Client 4\mFileBagIDE.dll\E5F0B718\Windows\Microsoft.NET\Framework\v4.0.30319\Microsoft.CSharp.dll (11%)
Compressing install: Microsoft .NET Framework Client 4\mFileBagIDE.dll\E5F0B718\Windows\Microsoft.NET\Framework\v4.0.30319\Microsoft.JScript.dll (11%)
Compressing install: Microsoft .NET Framework Client 4\mFileBagIDE.dll\E5F0B718\Windows\Microsoft.NET\Framework\v4.0.30319\Microsoft.Transactions.Bridge.dll (11%)
Compressing install: Microsoft .NET Framework Client 4\mFileBagIDE.dll\E5F0B718\Windows\Microsoft.NET\Framework\v4.0.30319\Microsoft.Transactions.Bridge.Dtc.dll (11%)
Compressing install: Microsoft .NET Framework Client 4\mFileBagIDE.dll\E5F0B718\Windows\Microsoft.NET\Framework\v4.0.30319\Microsoft.VisualBasic.Activities.Compiler.dll (11%)
Compressing install: Microsoft .NET Framework Client 4\mFileBagIDE.dll\E5F0B718\Windows\Microsoft.NET\Framework\v4.0.30319\Microsoft.VisualBasic.Compatibility.Data.dll (12%)
Compressing install: Microsoft .NET Framework Client 4\mFileBagIDE.dll\E5F0B718\Windows\Microsoft.NET\Framework\v4.0.30319\Microsoft.VisualBasic.dll (12%)
Compressing install: Microsoft .NET Framework Client 4\mFileBagIDE.dll\E5F0B718\Windows\Microsoft.NET\Framework\v4.0.30319\Microsoft.VisualC.Dll (12%)
Compressing install: Microsoft .NET Framework 4\mFileBagIDE.dll\AF0DD189\Windows\Microsoft.NET\Framework\v4.0.30319\Microsoft.VisualC.STLCLR.dll (12%)
Compressing install: Microsoft .NET Framework 4\mMSI.dll\mMSIExec.dll (13%)
Compressing install: Microsoft .NET Framework Client 4\mMSI.dll\mMSIExec.dll (13%)
Compressing install: OFFLINE\mMSI.dll\mMSIExec.dll (13%)
Compressing install: Microsoft .NET Framework Client 4\mFileBagIDE.dll\E5F0B718\Windows\Microsoft.NET\Framework\v4.0.30319\mscordacwks.dll (13%)
Compressing install: Microsoft .NET Framework Client 4\mFileBagIDE.dll\E5F0B718\Windows\Microsoft.NET\Framework\v4.0.30319\mscordbi.dll (13%)
Compressing install: Microsoft .NET Framework Client 4\mFileBagIDE.dll\E5F0B718\Windows\Microsoft.NET\Framework\v4.0.30319\mscoreei.dll (14%)
Compressing install: Microsoft .NET Framework Client 4\mFileBagIDE.dll\E5F0B718\Windows\Microsoft.NET\Framework\v4.0.30319\mscoreeis.dll (14%)
Compressing install: Microsoft .NET Framework Client 4\mFileBagIDE.dll\E5F0B718\Windows\Microsoft.NET\Framework\v4.0.30319\mscorlib.dll (14%)
Compressing install: Microsoft .NET Framework Client 4\mFileBagIDE.dll\E5F0B718\Windows\Microsoft.NET\Framework\v4.0.30319\mscorpehost.dll (15%)
Compressing install: Microsoft .NET Framework Client 4\mFileBagIDE.dll\E5F0B718\Windows\Microsoft.NET\Framework\v4.0.30319\MUI\0409\mscorsecr.dll (15%)
Compressing install: Microsoft Windows Installer 3.1\mWinRun.dll\ansi\msi.dll (15%)
Compressing install: Microsoft Windows Installer 3.1\mWinRun.dll\ansi\msihnd.dll (16%)
Compressing install: Microsoft Windows Installer 3.1\mWinRun.dll\ansi\msimsg.dll (16%)
Compressing install: Microsoft Windows Installer 3.1\mWinRun.dll\ansi\msisip.dll (16%)
Compressing install: Microsoft .NET Framework Client 4\mFileBagIDE.dll\E5F0B718\Windows\System\msvcr100_clr0400.dll (16%)
Compressing install: Microsoft Windows Installer 3.1\mWinRun.dll\mWinRunExec.dll (16%)
Compressing install: OFFLINE\mWinRun.dll\mWinRunExec.dll (16%)
Compressing install: Microsoft .NET Framework Client 4\mFileBagIDE.dll\E5F0B718\Windows\Microsoft.NET\Framework\v4.0.30319\WPF\NaturalLanguage6.dll (17%)
Compressing install: Microsoft .NET Framework Client 4\mFileBagIDE.dll\E5F0B718\Windows\System\netfxperf.dll (17%)
Compressing install: Microsoft .NET Framework Client 4\mFileBagIDE.dll\E5F0B718\Windows\Microsoft.NET\NETFXRepair.3076.dll (17%)
Compressing install: Microsoft .NET Framework Client 4\mFileBagIDE.dll\E5F0B718\Windows\Microsoft.NET\Framework\v4.0.30319\WPF\NlsData0009.dll (17%)
Compressing install: Microsoft .NET Framework Client 4\mFileBagIDE.dll\E5F0B718\Windows\Microsoft.NET\Framework\v4.0.30319\WPF\NlsLexicons0009.dll (18%)
Compressing install: Microsoft .NET Framework Client 4\mFileBagIDE.dll\E5F0B718\Windows\Microsoft.NET\Framework\v4.0.30319\nlssorting.dll (19%)
Compressing install: Microsoft .NET Framework Client 4\mFileBagIDE.dll\E5F0B718\Windows\Microsoft.NET\Framework\v4.0.30319\normalization.dll (19%)
Compressing install: Microsoft .NET Framework Client 4\mFileBagIDE.dll\E5F0B718\WIC\photometadatahandler.dll (19%)
Compressing install: Microsoft .NET Framework 4\mFileBagIDE.dll\AF0DD189\Windows\Microsoft.NET\Framework\v4.0.30319\WPF\PresentationBuildTasks.dll (19%)
Compressing install: Microsoft .NET Framework Client 4\mFileBagIDE.dll\E5F0B718\Windows\Microsoft.NET\Framework\v4.0.30319\WPF\PresentationCore.dll (19%)
Compressing install: Microsoft .NET Framework Client 4\mFileBagIDE.dll\E5F0B718\Windows\Microsoft.NET\Framework\v4.0.30319\WPF\PresentationFramework.Aero.dll (20%)
Compressing install: Microsoft .NET Framework Client 4\mFileBagIDE.dll\E5F0B718\Windows\Microsoft.NET\Framework\v4.0.30319\WPF\PresentationFramework.Classic.dll (20%)
Compressing install: Microsoft .NET Framework Client 4\mFileBagIDE.dll\E5F0B718\Windows\Microsoft.NET\Framework\v4.0.30319\WPF\PresentationFramework.dll (20%)
Compressing install: Microsoft .NET Framework Client 4\mFileBagIDE.dll\E5F0B718\Windows\Microsoft.NET\Framework\v4.0.30319\WPF\PresentationFramework.Luna.dll (21%)
Compressing install: Microsoft .NET Framework Client 4\mFileBagIDE.dll\E5F0B718\Windows\System\PresentationHostProxy.dll (22%)
Compressing install: Microsoft .NET Framework Client 4\mFileBagIDE.dll\E5F0B718\Windows\Microsoft.NET\Framework\v4.0.30319\WPF\PresentationNative_v0400.dll (22%)
Compressing install: Microsoft .NET Framework Client 4\mFileBagIDE.dll\E5F0B718\Windows\Microsoft.NET\Framework\v4.0.30319\WPF\PresentationUI.dll (22%)
Compressing install: Microsoft .NET Framework Client 4\mFileBagIDE.dll\E5F0B718\Windows\Microsoft.NET\Framework\v4.0.30319\WPF\ReachFramework.dll (22%)
Compressing install: Microsoft Windows Installer 3.1\mWinRun.dll\ansi\riched20.dll (22%)
Compressing install: Microsoft .NET Framework Client 4\mFileBagIDE.dll\E5F0B718\Windows\Microsoft.NET\Framework\sbs_wminet_utils.dll (22%)
Compressing install: Microsoft .NET Framework 4\mFileBagIDE.dll\AF0DD189\SetupEngine.dll (22%)
Compressing install: Microsoft .NET Framework Client 4\mFileBagIDE.dll\E5F0B718\SetupEngine.dll (23%)
Compressing install: Microsoft .NET Framework 4\mFileBagIDE.dll\AF0DD189\1028\SetupResources.dll (23%)
Compressing install: Microsoft .NET Framework 4\mFileBagIDE.dll\AF0DD189\1033\SetupResources.dll (23%)
Compressing install: Microsoft .NET Framework Client 4\mFileBagIDE.dll\E5F0B718\1036\SetupResources.dll (23%)
Compressing install: Microsoft .NET Framework 4\mFileBagIDE.dll\AF0DD189\Windows\Microsoft.NET\Framework\SharedReg12.dll (23%)
Compressing install: Microsoft .NET Framework Client 4\mFileBagIDE.dll\E5F0B718\WIC\update\spcustom.dll (23%)
Compressing install: Microsoft .NET Framework 4\mFileBagIDE.dll\AF0DD189\sqmapi.dll (23%)
Compressing install: Microsoft .NET Framework Client 4\mFileBagIDE.dll\E5F0B718\Windows\Microsoft.NET\Framework\v4.0.30319\sysglobl.dll (23%)
Compressing install: Microsoft .NET Framework Client 4\mFileBagIDE.dll\E5F0B718\Windows\Microsoft.NET\Framework\v4.0.30319\System.Activities.Core.Presentation.dll (23%)
Compressing install: Microsoft .NET Framework Client 4\mFileBagIDE.dll\E5F0B718\Windows\Microsoft.NET\Framework\v4.0.30319\System.Activities.dll (23%)
Compressing install: Microsoft .NET Framework Client 4\mFileBagIDE.dll\E5F0B718\Windows\Microsoft.NET\Framework\v4.0.30319\System.Activities.DurableInstancing.dll (24%)
Compressing install: Microsoft .NET Framework Client 4\mFileBagIDE.dll\E5F0B718\Windows\Microsoft.NET\Framework\v4.0.30319\System.Activities.Presentation.dll (24%)
Compressing install: Microsoft .NET Framework Client 4\mFileBagIDE.dll\E5F0B718\Windows\Microsoft.NET\Framework\v4.0.30319\System.AddIn.Contract.dll (24%)
Compressing install: Microsoft .NET Framework Client 4\mFileBagIDE.dll\E5F0B718\Windows\Microsoft.NET\Framework\v4.0.30319\System.configuration.dll (24%)
Compressing install: Microsoft .NET Framework Client 4\mFileBagIDE.dll\E5F0B718\Windows\Microsoft.NET\Framework\v4.0.30319\System.Configuration.Install.dll (24%)
Compressing install: Microsoft .NET Framework Client 4\mFileBagIDE.dll\E5F0B718\Windows\Microsoft.NET\Framework\v4.0.30319\System.Core.dll (24%)
Compressing install: Microsoft .NET Framework Client 4\mFileBagIDE.dll\E5F0B718\Windows\Microsoft.NET\Framework\v4.0.30319\System.Data.DataSetExtensions.dll (25%)
Compressing install: Microsoft .NET Framework Client 4\mFileBagIDE.dll\E5F0B718\Windows\Microsoft.NET\Framework\v4.0.30319\System.Data.dll (25%)
Compressing install: Microsoft .NET Framework 4\mFileBagIDE.dll\AF0DD189\Windows\Microsoft.NET\Framework\v4.0.30319\System.Data.Entity.Design.dll (25%)
Compressing install: Microsoft .NET Framework Client 4\mFileBagIDE.dll\E5F0B718\Windows\Microsoft.NET\Framework\v4.0.30319\System.Data.Entity.dll (25%)
Compressing install: Microsoft .NET Framework Client 4\mFileBagIDE.dll\E5F0B718\Windows\Microsoft.NET\Framework\v4.0.30319\System.Data.Linq.dll (26%)
Compressing install: Microsoft .NET Framework 4\mFileBagIDE.dll\AF0DD189\Windows\Microsoft.NET\Framework\v4.0.30319\System.Data.OracleClient.dll (26%)
Compressing install: Microsoft .NET Framework Client 4\mFileBagIDE.dll\E5F0B718\Windows\Microsoft.NET\Framework\v4.0.30319\System.Data.Services.Client.dll (27%)
Compressing install: Microsoft .NET Framework 4\mFileBagIDE.dll\AF0DD189\Windows\Microsoft.NET\Framework\v4.0.30319\System.Data.Services.dll (27%)
Compressing install: Microsoft .NET Framework Client 4\mFileBagIDE.dll\E5F0B718\Windows\Microsoft.NET\Framework\v4.0.30319\System.Data.SqlXml.dll (27%)
Compressing install: Microsoft .NET Framework Client 4\mFileBagIDE.dll\E5F0B718\Windows\Microsoft.NET\Framework\v4.0.30319\System.Deployment.dll (27%)
Compressing install: Microsoft .NET Framework 4\mFileBagIDE.dll\AF0DD189\Windows\Microsoft.NET\Framework\v4.0.30319\System.Design.dll (27%)
Compressing install: Microsoft .NET Framework Client 4\mFileBagIDE.dll\E5F0B718\Windows\Microsoft.NET\Framework\v4.0.30319\System.DirectoryServices.AccountManagement.dll (28%)
Compressing install: Microsoft .NET Framework Client 4\mFileBagIDE.dll\E5F0B718\Windows\Microsoft.NET\Framework\v4.0.30319\System.DirectoryServices.dll (29%)
Compressing install: Microsoft .NET Framework Client 4\mFileBagIDE.dll\E5F0B718\Windows\Microsoft.NET\Framework\v4.0.30319\System.dll (29%)
Compressing install: Microsoft .NET Framework Client 4\mFileBagIDE.dll\E5F0B718\Windows\Microsoft.NET\Framework\v4.0.30319\System.Drawing.dll (30%)
Compressing install: Microsoft .NET Framework Client 4\mFileBagIDE.dll\E5F0B718\Windows\Microsoft.NET\Framework\v4.0.30319\System.Dynamic.dll (30%)
Compressing install: Microsoft .NET Framework Client 4\mFileBagIDE.dll\E5F0B718\Windows\Microsoft.NET\Framework\v4.0.30319\System.EnterpriseServices.dll (30%)
Compressing install: Microsoft .NET Framework Client 4\mFileBagIDE.dll\E5F0B718\Windows\Microsoft.NET\Framework\v4.0.30319\System.IdentityModel.dll (30%)
Compressing install: Microsoft .NET Framework Client 4\mFileBagIDE.dll\E5F0B718\Windows\Microsoft.NET\Framework\v4.0.30319\System.IdentityModel.Selectors.dll (30%)
Compressing install: Microsoft .NET Framework Client 4\mFileBagIDE.dll\E5F0B718\Windows\Microsoft.NET\Framework\v4.0.30319\System.Management.dll (30%)
Compressing install: Microsoft .NET Framework Client 4\mFileBagIDE.dll\E5F0B718\Windows\Microsoft.NET\Framework\v4.0.30319\System.Management.Instrumentation.dll (30%)
Compressing install: Microsoft .NET Framework Client 4\mFileBagIDE.dll\E5F0B718\Windows\Microsoft.NET\Framework\v4.0.30319\System.Messaging.dll (30%)
Compressing install: Microsoft .NET Framework Client 4\mFileBagIDE.dll\E5F0B718\Windows\Microsoft.NET\Framework\v4.0.30319\System.Net.dll (30%)
Compressing install: Microsoft .NET Framework Client 4\mFileBagIDE.dll\E5F0B718\Windows\Microsoft.NET\Framework\v4.0.30319\WPF\System.Printing.dll (30%)
Compressing install: Microsoft .NET Framework 4\mFileBagIDE.dll\AF0DD189\Windows\Microsoft.NET\Framework\v4.0.30319\System.Runtime.Caching.dll (30%)
Compressing install: Microsoft .NET Framework Client 4\mFileBagIDE.dll\E5F0B718\Windows\Microsoft.NET\Framework\v4.0.30319\System.Runtime.Remoting.dll (30%)
Compressing install: Microsoft .NET Framework Client 4\mFileBagIDE.dll\E5F0B718\Windows\Microsoft.NET\Framework\v4.0.30319\System.Runtime.Serialization.dll (30%)
Compressing install: Microsoft .NET Framework 4\mFileBagIDE.dll\AF0DD189\Windows\Microsoft.NET\Framework\v4.0.30319\System.ServiceModel.Activation.dll (31%)
Compressing install: Microsoft .NET Framework Client 4\mFileBagIDE.dll\E5F0B718\Windows\Microsoft.NET\Framework\v4.0.30319\System.ServiceModel.Activities.dll (31%)
Compressing install: Microsoft .NET Framework Client 4\mFileBagIDE.dll\E5F0B718\Windows\Microsoft.NET\Framework\v4.0.30319\System.ServiceModel.Discovery.dll (31%)
Compressing install: Microsoft .NET Framework Client 4\mFileBagIDE.dll\E5F0B718\Windows\Microsoft.NET\Framework\v4.0.30319\System.ServiceModel.dll (31%)
Compressing install: Microsoft .NET Framework Client 4\mFileBagIDE.dll\E5F0B718\Windows\Microsoft.NET\Framework\v4.0.30319\System.ServiceModel.Routing.dll (32%)
Compressing install: Microsoft .NET Framework 4\mFileBagIDE.dll\AF0DD189\Windows\Microsoft.NET\Framework\v4.0.30319\System.ServiceModel.Web.dll (33%)
Compressing install: Microsoft .NET Framework Client 4\mFileBagIDE.dll\E5F0B718\Windows\Microsoft.NET\Framework\v4.0.30319\WPF\System.Speech.dll (33%)
Compressing install: Microsoft .NET Framework Client 4\mFileBagIDE.dll\E5F0B718\Windows\Microsoft.NET\Framework\v4.0.30319\System.Transactions.dll (33%)
Compressing install: Microsoft .NET Framework 4\mFileBagIDE.dll\AF0DD189\Windows\Microsoft.NET\Framework\v4.0.30319\System.Web.DataVisualization.dll (33%)
Compressing install: Microsoft .NET Framework 4\mFileBagIDE.dll\AF0DD189\Windows\Microsoft.NET\Framework\v4.0.30319\System.Web.dll (33%)
Compressing install: Microsoft .NET Framework 4\mFileBagIDE.dll\AF0DD189\Windows\Microsoft.NET\Framework\v4.0.30319\System.Web.DynamicData.Design.dll (34%)
Compressing install: Microsoft .NET Framework 4\mFileBagIDE.dll\AF0DD189\Windows\Microsoft.NET\Framework\v4.0.30319\System.Web.Entity.Design.dll (34%)
Compressing install: Microsoft .NET Framework 4\mFileBagIDE.dll\AF0DD189\Windows\Microsoft.NET\Framework\v4.0.30319\System.Web.Entity.dll (35%)
Compressing install: Microsoft .NET Framework 4\mFileBagIDE.dll\AF0DD189\Windows\Microsoft.NET\Framework\v4.0.30319\System.Web.Extensions.dll (35%)
Compressing install: Microsoft .NET Framework 4\mFileBagIDE.dll\AF0DD189\Windows\Microsoft.NET\Framework\v4.0.30319\System.Web.Mobile.dll (35%)
Compressing install: Microsoft .NET Framework 4\mFileBagIDE.dll\AF0DD189\Windows\Microsoft.NET\Framework\v4.0.30319\System.Web.RegularExpressions.dll (35%)
Compressing install: Microsoft .NET Framework Client 4\mFileBagIDE.dll\E5F0B718\Windows\Microsoft.NET\Framework\v4.0.30319\System.Web.Services.dll (35%)
Compressing install: Microsoft .NET Framework 4\mFileBagIDE.dll\AF0DD189\Windows\Microsoft.NET\Framework\v4.0.30319\System.Windows.Forms.DataVisualization.Design.dll (35%)
Compressing install: Microsoft .NET Framework Client 4\mFileBagIDE.dll\E5F0B718\Windows\Microsoft.NET\Framework\v4.0.30319\System.Windows.Forms.DataVisualization.dll (36%)
Compressing install: Microsoft .NET Framework Client 4\mFileBagIDE.dll\E5F0B718\Windows\Microsoft.NET\Framework\v4.0.30319\System.Windows.Forms.dll (36%)
Compressing install: Microsoft .NET Framework 4\mFileBagIDE.dll\AF0DD189\Windows\Microsoft.NET\Framework\v4.0.30319\System.Workflow.Activities.dll (37%)
Compressing install: Microsoft .NET Framework 4\mFileBagIDE.dll\AF0DD189\Windows\Microsoft.NET\Framework\v4.0.30319\System.Workflow.ComponentModel.dll (37%)
Compressing install: Microsoft .NET Framework 4\mFileBagIDE.dll\AF0DD189\Windows\Microsoft.NET\Framework\v4.0.30319\System.Workflow.Runtime.dll (38%)
Compressing install: Microsoft .NET Framework 4\mFileBagIDE.dll\AF0DD189\Windows\Microsoft.NET\Framework\v4.0.30319\System.WorkflowServices.dll (38%)
Compressing install: Microsoft .NET Framework Client 4\mFileBagIDE.dll\E5F0B718\Windows\Microsoft.NET\Framework\v4.0.30319\System.Xaml.dll (38%)
Compressing install: Microsoft .NET Framework 4\mFileBagIDE.dll\AF0DD189\Windows\Microsoft.NET\Framework\v4.0.30319\System.Xaml.Hosting.dll (38%)
Compressing install: Microsoft .NET Framework Client 4\mFileBagIDE.dll\E5F0B718\Windows\Microsoft.NET\Framework\v4.0.30319\System.XML.dll (38%)
Compressing install: Microsoft .NET Framework Client 4\mFileBagIDE.dll\E5F0B718\Windows\Microsoft.NET\Framework\v4.0.30319\System.Xml.Linq.dll (38%)
Compressing install: Microsoft .NET Framework Client 4\mFileBagIDE.dll\E5F0B718\Windows\Microsoft.NET\Framework\v4.0.30319\WPF\UIAutomationClient.dll (39%)
Compressing install: Microsoft .NET Framework Client 4\mFileBagIDE.dll\E5F0B718\Windows\Microsoft.NET\Framework\v4.0.30319\WPF\UIAutomationClientsideProviders.dll (39%)
Compressing install: Microsoft .NET Framework Client 4\mFileBagIDE.dll\E5F0B718\Windows\System\UIAutomationCore.dll (39%)
Compressing install: Microsoft .NET Framework Client 4\mFileBagIDE.dll\E5F0B718\WIC\update\updspapi.dll (39%)
Compressing install: Microsoft .NET Framework Client 4\mFileBagIDE.dll\E5F0B718\Windows\Microsoft.NET\Framework\v4.0.30319\1033\vbc7ui.dll (39%)
Compressing install: Microsoft .NET Framework 4\mFileBagIDE.dll\AF0DD189\Windows\Microsoft.NET\Framework\v4.0.30319\webengine4.dll (39%)
Compressing install: Microsoft .NET Framework Client 4\mFileBagIDE.dll\E5F0B718\Windows\Microsoft.NET\Framework\v4.0.30319\WPF\WindowsBase.dll (39%)
Compressing install: Microsoft .NET Framework Client 4\mFileBagIDE.dll\E5F0B718\WIC\windowscodecs.dll (39%)
Compressing install: Microsoft .NET Framework Client 4\mFileBagIDE.dll\E5F0B718\WIC\windowscodecsext.dll (40%)
Compressing install: Microsoft .NET Framework Client 4\mFileBagIDE.dll\E5F0B718\Windows\Microsoft.NET\Framework\v4.0.30319\WMINet_Utils.dll (40%)
Compressing install: Microsoft .NET Framework Client 4\mFileBagIDE.dll\E5F0B718\Windows\Microsoft.NET\Framework\v4.0.30319\WPF\wpfgfx_v0400.dll (40%)
Compressing install: Microsoft .NET Framework Client 4\mFileBagIDE.dll\E5F0B718\Windows\Microsoft.NET\Framework\v4.0.30319\WPF\wpftxt_v0400.dll (40%)
Compressing install: Microsoft .NET Framework 4\mFileBagIDE.dll\AF0DD189\Windows\Microsoft.NET\Framework\v4.0.30319\XamlBuildTask.dll (40%)
Compressing install: Microsoft .NET Framework Client 4\mFileBagIDE.dll\E5F0B718\Windows\Microsoft.NET\Framework\v4.0.30319\mscorlib.tlb (40%)
Compressing install: Microsoft .NET Framework 4\mFileBagIDE.dll\AF0DD189\Windows\Microsoft.NET\Framework\v4.0.30319\System.Web.tlb (40%)
Compressing install: mia.lib (41%)
Compressing install: Microsoft .NET Framework 4\mFileBagIDE.dll\AF0DD189\Windows\Microsoft.NET\Framework\v4.0.30319\Config\web.config.comments (41%)
Compressing install: Microsoft .NET Framework Client 4\mFileBagIDE.dll\E5F0B718\WIC\update\updatebr.inf (41%)
Compressing install: Microsoft .NET Framework 4\mFileBagIDE.dll\AF0DD189\Windows\Microsoft.NET\Framework\v4.0.30319\CLR-ETW.man (41%)
Compressing install: Microsoft .NET Framework 4\mFileBagIDE.dll\AF0DD189\Windows\Microsoft.NET\Framework\v4.0.30319\WPF\wpf-etw.man (41%)
Compressing install: Microsoft .NET Framework Client 4\mFileBagIDE.dll\E5F0B718\Windows6.0-KB956250-v6001-x86.msu (41%)
Compressing install: Microsoft .NET Framework Client 4\mFileBagIDE.dll\E5F0B718\Windows6.1-KB958488-v6001-x86.msu (42%)
Compressing install: Microsoft .NET Framework Client 4\mFileBagIDE.dll\E5F0B718\Windows\System\en-US\dfshim.dll.mui (42%)
Compressing install: Microsoft .NET Framework Client 4\mFileBagIDE.dll\E5F0B718\netfx_core.mzz (42%)
Compressing install: Microsoft .NET Framework 4\mFileBagIDE.dll\AF0DD189\netfx_extended.mzz (83%)
Compressing install: Microsoft .NET Framework Client 4\mFileBagIDE.dll\E5F0B718\Windows\Microsoft.NET\Framework\v4.0.30319\locale.nlp (92%)
Compressing install: Microsoft .NET Framework Client 4\mFileBagIDE.dll\E5F0B718\Windows\Microsoft.NET\Framework\v4.0.30319\normnfkc.nlp (93%)
Compressing install: Microsoft .NET Framework Client 4\mFileBagIDE.dll\E5F0B718\Windows\Microsoft.NET\Framework\v4.0.30319\sortdefault.nlp (93%)
Compressing install: ADBMDTS.res (93%)
Compressing install: Microsoft .NET Framework 4\mFileBagIDE.dll\AF0DD189\Windows\Microsoft.NET\Framework\v4.0.30319\ASP.NETWebAdminFiles\Security\Users\App_LocalResources\addUser.aspx.resx (96%)
Compressing install: Microsoft .NET Framework 4\mFileBagIDE.dll\AF0DD189\Windows\Microsoft.NET\Framework\v4.0.30319\Microsoft.Xaml.targets (96%)
Compressing install: Microsoft .NET Framework Client 4\mFileBagIDE.dll\E5F0B718\Windows\Microsoft.NET\Framework\v4.0.30319\default.win32manifest (96%)
Compressed setup files
Prepared SFX data
Created SFX file
Cleaned up
